Arguments: 
  /usr/bin/node /usr/share/yarn/bin/yarn.js

PATH: 
  /home/kolan4ick/.rvm/gems/ruby-2.6.6/bin:/home/kolan4ick/.rvm/gems/ruby-2.6.6@global/bin:/home/kolan4ick/.rvm/rubies/ruby-2.6.6/bin:/home/kolan4ick/.rvm/bin:/usr/local/sbin:/usr/local/bin:/usr/sbin:/usr/bin:/sbin:/bin:/usr/games:/usr/local/games:/snap/bin

Yarn version: 
  1.22.5

Node version: 
  10.19.0

Platform: 
  linux x64

Trace: 
  SyntaxError: /home/kolan4ick/github/GameCatalogue/package.json: Unexpected token } in JSON at position 312
      at JSON.parse (<anonymous>)
      at /usr/share/yarn/lib/cli.js:1625:59
      at Generator.next (<anonymous>)
      at step (/usr/share/yarn/lib/cli.js:310:30)
      at /usr/share/yarn/lib/cli.js:321:13

npm manifest: 
  {
    "name": "123",
    "private": true,
    "dependencies": {
      "@popperjs/core": "^2.6.0",
      "@rails/actioncable": "^6.0.0",
      "@rails/activestorage": "^6.0.0",
      "@rails/ujs": "^6.0.0",
      "@rails/webpacker": "5.2.1",
      "bootstrap": "^5.0.0-beta1",
      "turbolinks": "^5.2.0"
    },
    "version": "0.1.0",
  }

yarn manifest: 
  No manifest

Lockfile: 
  # THIS IS AN AUTOGENERATED FILE. DO NOT EDIT THIS FILE DIRECTLY.
  # yarn lockfile v1
  
  
  bootstrap@^4.5.3:
    version "4.5.3"
    resolved "https://registry.yarnpkg.com/bootstrap/-/bootstrap-4.5.3.tgz#c6a72b355aaf323920be800246a6e4ef30997fe6"
    integrity sha512-o9ppKQioXGqhw8Z7mah6KdTYpNQY//tipnkxppWhPbiSWdD+1raYsnhwEZjkTHYbGee4cVQ0Rx65EhOY/HNLcQ==
