DEPRECATION WARNING: [] is deprecated and will be removed from Rails 6.2 (Use configs_for) (called from migration_template at (erb):6)
DEPRECATION WARNING: [] is deprecated and will be removed from Rails 6.2 (Use configs_for) (called from migration_template at (erb):6)
DEPRECATION WARNING: [] is deprecated and will be removed from Rails 6.2 (Use configs_for) (called from <main> at /home/kolan4ick/GameCatalog/bin/rails:5)
DEPRECATION WARNING: [] is deprecated and will be removed from Rails 6.2 (Use configs_for) (called from <main> at /home/kolan4ick/GameCatalog/bin/rails:5)
DEPRECATION WARNING: [] is deprecated and will be removed from Rails 6.2 (Use configs_for) (called from <main> at /home/kolan4ick/GameCatalog/bin/rails:5)
DEPRECATION WARNING: [] is deprecated and will be removed from Rails 6.2 (Use configs_for) (called from <main> at /home/kolan4ick/GameCatalog/bin/rails:5)
DEPRECATION WARNING: [] is deprecated and will be removed from Rails 6.2 (Use configs_for) (called from <main> at /home/kolan4ick/GameCatalog/bin/rails:5)
  [1m[35m (3.5ms)[0m  [1m[34mSELECT sqlite_version(*)[0m
  [1m[35m (8.5ms)[0m  [1m[35mCREATE TABLE "schema_migrations" ("version" varchar NOT NULL PRIMARY KEY)[0m
  [1m[35m (12.3ms)[0m  [1m[35mCREATE TABLE "ar_internal_metadata" ("key" varchar NOT NULL PRIMARY KEY, "value" varchar, "created_at" datetime(6) NOT NULL, "updated_at" datetime(6) NOT NULL)[0m
  [1m[35m (0.4ms)[0m  [1m[34mSELECT "schema_migrations"."version" FROM "schema_migrations" ORDER BY "schema_migrations"."version" ASC[0m
Migrating to DeviseCreateAdminUsers (20201230163058)
  [1m[36mTRANSACTION (0.1ms)[0m  [1m[36mbegin transaction[0m
  [1m[35m (1.1ms)[0m  [1m[35mCREATE TABLE "admin_users" ("id" integer PRIMARY KEY AUTOINCREMENT NOT NULL, "email" varchar DEFAULT '' NOT NULL, "encrypted_password" varchar DEFAULT '' NOT NULL, "reset_password_token" varchar, "reset_password_sent_at" datetime, "remember_created_at" datetime, "created_at" datetime(6) NOT NULL, "updated_at" datetime(6) NOT NULL)[0m
  [1m[35m (0.4ms)[0m  [1m[35mCREATE UNIQUE INDEX "index_admin_users_on_email" ON "admin_users" ("email")[0m
  [1m[35m (1.0ms)[0m  [1m[35mCREATE UNIQUE INDEX "index_admin_users_on_reset_password_token" ON "admin_users" ("reset_password_token")[0m
  [1m[36mActiveRecord::SchemaMigration Create (2.4ms)[0m  [1m[32mINSERT INTO "schema_migrations" ("version") VALUES (?)[0m  [["version", "20201230163058"]]
  [1m[36mTRANSACTION (12.1ms)[0m  [1m[36mcommit transaction[0m
Migrating to CreateActiveAdminComments (20201230163101)
  [1m[36mTRANSACTION (0.1ms)[0m  [1m[36mbegin transaction[0m
  [1m[35m (1.1ms)[0m  [1m[35mCREATE TABLE "active_admin_comments" ("id" integer PRIMARY KEY AUTOINCREMENT NOT NULL, "namespace" varchar, "body" text, "resource_type" varchar, "resource_id" integer, "author_type" varchar, "author_id" integer, "created_at" datetime(6) NOT NULL, "updated_at" datetime(6) NOT NULL)[0m
  [1m[35m (0.4ms)[0m  [1m[35mCREATE INDEX "index_active_admin_comments_on_resource" ON "active_admin_comments" ("resource_type", "resource_id")[0m
  [1m[35m (0.3ms)[0m  [1m[35mCREATE INDEX "index_active_admin_comments_on_author" ON "active_admin_comments" ("author_type", "author_id")[0m
  [1m[35m (0.4ms)[0m  [1m[35mCREATE INDEX "index_active_admin_comments_on_namespace" ON "active_admin_comments" ("namespace")[0m
  [1m[36mActiveRecord::SchemaMigration Create (4.4ms)[0m  [1m[32mINSERT INTO "schema_migrations" ("version") VALUES (?)[0m  [["version", "20201230163101"]]
  [1m[36mTRANSACTION (9.7ms)[0m  [1m[36mcommit transaction[0m
  [1m[36mActiveRecord::InternalMetadata Load (0.4ms)[0m  [1m[34mSELECT "ar_internal_metadata".* FROM "ar_internal_metadata" WHERE "ar_internal_metadata"."key" = ? LIMIT ?[0m  [["key", "environment"], ["LIMIT", 1]]
  [1m[36mTRANSACTION (0.1ms)[0m  [1m[36mbegin transaction[0m
  [1m[36mActiveRecord::InternalMetadata Create (0.5ms)[0m  [1m[32mINSERT INTO "ar_internal_metadata" ("key", "value", "created_at", "updated_at") VALUES (?, ?, ?, ?)[0m  [["key", "environment"], ["value", "development"], ["created_at", "2020-12-30 16:31:09.473631"], ["updated_at", "2020-12-30 16:31:09.473631"]]
  [1m[36mTRANSACTION (4.8ms)[0m  [1m[36mcommit transaction[0m
  [1m[35m (1.5ms)[0m  [1m[34mSELECT sqlite_version(*)[0m
  [1m[35m (0.3ms)[0m  [1m[34mSELECT "schema_migrations"."version" FROM "schema_migrations" ORDER BY "schema_migrations"."version" ASC[0m
  [1m[35m (1.0ms)[0m  [1m[34mSELECT sqlite_version(*)[0m
  [1m[35m (0.3ms)[0m  [1m[34mSELECT "schema_migrations"."version" FROM "schema_migrations" ORDER BY "schema_migrations"."version" ASC[0m
  [1m[35m (0.1ms)[0m  [1m[34mSELECT sqlite_version(*)[0m
  [1m[36mTRANSACTION (0.1ms)[0m  [1m[36mbegin transaction[0m
  [1m[36mAdminUser Exists? (0.3ms)[0m  [1m[34mSELECT 1 AS one FROM "admin_users" WHERE "admin_users"."email" = ? LIMIT ?[0m  [["email", "admin@example.com"], ["LIMIT", 1]]
  [1m[36mAdminUser Create (0.6ms)[0m  [1m[32mINSERT INTO "admin_users" ("email", "encrypted_password", "created_at", "updated_at") VALUES (?, ?, ?, ?)[0m  [["email", "admin@example.com"], ["encrypted_password", "$2a$12$lSgYCTpYrvV7AbMoaA7fIuYS9JjK8n3IjoJCsj8K/gqsFBAtmaJY6"], ["created_at", "2020-12-30 16:31:16.744845"], ["updated_at", "2020-12-30 16:31:16.744845"]]
  [1m[36mTRANSACTION (11.4ms)[0m  [1m[36mcommit transaction[0m
Started POST "/admin/login" for 127.0.0.1 at 2020-12-30 18:31:28 +0200
  [1m[35m (1.5ms)[0m  [1m[34mSELECT sqlite_version(*)[0m
  [1m[35m (0.5ms)[0m  [1m[34mSELECT "schema_migrations"."version" FROM "schema_migrations" ORDER BY "schema_migrations"."version" ASC[0m
Processing by ActiveAdmin::Devise::SessionsController#create as HTML
  Parameters: {"authenticity_token"=>"[FILTERED]", "user"=>{"email"=>"admin@example.com", "password"=>"[FILTERED]", "remember_me"=>"0"}, "commit"=>"Login"}
Can't verify CSRF token authenticity.
Completed 422 Unprocessable Entity in 12ms (ActiveRecord: 0.0ms | Allocations: 3641)


  
ActionController::InvalidAuthenticityToken (ActionController::InvalidAuthenticityToken):
  
actionpack (6.1.0) lib/action_controller/metal/request_forgery_protection.rb:211:in `handle_unverified_request'
actionpack (6.1.0) lib/action_controller/metal/request_forgery_protection.rb:243:in `handle_unverified_request'
devise (4.7.3) lib/devise/controllers/helpers.rb:255:in `handle_unverified_request'
actionpack (6.1.0) lib/action_controller/metal/request_forgery_protection.rb:238:in `verify_authenticity_token'
activesupport (6.1.0) lib/active_support/callbacks.rb:427:in `block in make_lambda'
activesupport (6.1.0) lib/active_support/callbacks.rb:198:in `block (2 levels) in halting'
actionpack (6.1.0) lib/abstract_controller/callbacks.rb:34:in `block (2 levels) in <module:Callbacks>'
activesupport (6.1.0) lib/active_support/callbacks.rb:199:in `block in halting'
activesupport (6.1.0) lib/active_support/callbacks.rb:512:in `block in invoke_before'
activesupport (6.1.0) lib/active_support/callbacks.rb:512:in `each'
activesupport (6.1.0) lib/active_support/callbacks.rb:512:in `invoke_before'
activesupport (6.1.0) lib/active_support/callbacks.rb:115:in `block in run_callbacks'
activesupport (6.1.0) lib/active_support/callbacks.rb:137:in `run_callbacks'
actionpack (6.1.0) lib/abstract_controller/callbacks.rb:41:in `process_action'
actionpack (6.1.0) lib/action_controller/metal/rescue.rb:22:in `process_action'
actionpack (6.1.0) lib/action_controller/metal/instrumentation.rb:34:in `block in process_action'
activesupport (6.1.0) lib/active_support/notifications.rb:203:in `block in instrument'
activesupport (6.1.0) lib/active_support/notifications/instrumenter.rb:24:in `instrument'
activesupport (6.1.0) lib/active_support/notifications.rb:203:in `instrument'
actionpack (6.1.0) lib/action_controller/metal/instrumentation.rb:33:in `process_action'
actionpack (6.1.0) lib/action_controller/metal/params_wrapper.rb:249:in `process_action'
activerecord (6.1.0) lib/active_record/railties/controller_runtime.rb:27:in `process_action'
actionpack (6.1.0) lib/abstract_controller/base.rb:165:in `process'
actionview (6.1.0) lib/action_view/rendering.rb:39:in `process'
actionpack (6.1.0) lib/action_controller/metal.rb:190:in `dispatch'
actionpack (6.1.0) lib/action_controller/metal.rb:254:in `dispatch'
actionpack (6.1.0) lib/action_dispatch/routing/route_set.rb:50:in `dispatch'
actionpack (6.1.0) lib/action_dispatch/routing/route_set.rb:33:in `serve'
actionpack (6.1.0) lib/action_dispatch/routing/mapper.rb:19:in `block in <class:Constraints>'
actionpack (6.1.0) lib/action_dispatch/routing/mapper.rb:49:in `serve'
actionpack (6.1.0) lib/action_dispatch/journey/router.rb:50:in `block in serve'
actionpack (6.1.0) lib/action_dispatch/journey/router.rb:32:in `each'
actionpack (6.1.0) lib/action_dispatch/journey/router.rb:32:in `serve'
actionpack (6.1.0) lib/action_dispatch/routing/route_set.rb:842:in `call'
warden (1.2.9) lib/warden/manager.rb:36:in `block in call'
warden (1.2.9) lib/warden/manager.rb:34:in `catch'
warden (1.2.9) lib/warden/manager.rb:34:in `call'
rack (2.2.3) lib/rack/tempfile_reaper.rb:15:in `call'
rack (2.2.3) lib/rack/etag.rb:27:in `call'
rack (2.2.3) lib/rack/conditional_get.rb:40:in `call'
rack (2.2.3) lib/rack/head.rb:12:in `call'
actionpack (6.1.0) lib/action_dispatch/http/permissions_policy.rb:22:in `call'
actionpack (6.1.0) lib/action_dispatch/http/content_security_policy.rb:18:in `call'
rack (2.2.3) lib/rack/session/abstract/id.rb:266:in `context'
rack (2.2.3) lib/rack/session/abstract/id.rb:260:in `call'
actionpack (6.1.0) lib/action_dispatch/middleware/cookies.rb:689:in `call'
activerecord (6.1.0) lib/active_record/migration.rb:601:in `call'
actionpack (6.1.0) lib/action_dispatch/middleware/callbacks.rb:27:in `block in call'
activesupport (6.1.0) lib/active_support/callbacks.rb:98:in `run_callbacks'
actionpack (6.1.0) lib/action_dispatch/middleware/callbacks.rb:26:in `call'
actionpack (6.1.0) lib/action_dispatch/middleware/executor.rb:14:in `call'
actionpack (6.1.0) lib/action_dispatch/middleware/actionable_exceptions.rb:18:in `call'
actionpack (6.1.0) lib/action_dispatch/middleware/debug_exceptions.rb:29:in `call'
web-console (4.1.0) lib/web_console/middleware.rb:132:in `call_app'
web-console (4.1.0) lib/web_console/middleware.rb:28:in `block in call'
web-console (4.1.0) lib/web_console/middleware.rb:17:in `catch'
web-console (4.1.0) lib/web_console/middleware.rb:17:in `call'
actionpack (6.1.0) lib/action_dispatch/middleware/show_exceptions.rb:33:in `call'
railties (6.1.0) lib/rails/rack/logger.rb:37:in `call_app'
railties (6.1.0) lib/rails/rack/logger.rb:26:in `block in call'
activesupport (6.1.0) lib/active_support/tagged_logging.rb:99:in `block in tagged'
activesupport (6.1.0) lib/active_support/tagged_logging.rb:37:in `tagged'
activesupport (6.1.0) lib/active_support/tagged_logging.rb:99:in `tagged'
railties (6.1.0) lib/rails/rack/logger.rb:26:in `call'
sprockets-rails (3.2.2) lib/sprockets/rails/quiet_assets.rb:13:in `call'
actionpack (6.1.0) lib/action_dispatch/middleware/remote_ip.rb:81:in `call'
actionpack (6.1.0) lib/action_dispatch/middleware/request_id.rb:26:in `call'
rack (2.2.3) lib/rack/method_override.rb:24:in `call'
rack (2.2.3) lib/rack/runtime.rb:22:in `call'
activesupport (6.1.0) lib/active_support/cache/strategy/local_cache_middleware.rb:29:in `call'
actionpack (6.1.0) lib/action_dispatch/middleware/executor.rb:14:in `call'
actionpack (6.1.0) lib/action_dispatch/middleware/static.rb:24:in `call'
rack (2.2.3) lib/rack/sendfile.rb:110:in `call'
actionpack (6.1.0) lib/action_dispatch/middleware/host_authorization.rb:98:in `call'
rack-mini-profiler (2.3.0) lib/mini_profiler/profiler.rb:373:in `call'
webpacker (5.2.1) lib/webpacker/dev_server_proxy.rb:25:in `perform_request'
rack-proxy (0.6.5) lib/rack/proxy.rb:57:in `call'
railties (6.1.0) lib/rails/engine.rb:539:in `call'
puma (5.1.1) lib/puma/configuration.rb:246:in `call'
puma (5.1.1) lib/puma/request.rb:76:in `block in handle_request'
puma (5.1.1) lib/puma/thread_pool.rb:337:in `with_force_shutdown'
puma (5.1.1) lib/puma/request.rb:75:in `handle_request'
puma (5.1.1) lib/puma/server.rb:431:in `process_client'
puma (5.1.1) lib/puma/thread_pool.rb:145:in `block in spawn_thread'
Started GET "/admin/" for 127.0.0.1 at 2020-12-30 18:31:32 +0200
Processing by Admin::DashboardController#index as HTML
Completed 401 Unauthorized in 36ms (ActiveRecord: 0.0ms | Allocations: 4523)


Started GET "/admin/login" for 127.0.0.1 at 2020-12-30 18:31:32 +0200
Processing by ActiveAdmin::Devise::SessionsController#new as HTML
  Rendering layout /home/kolan4ick/.rvm/gems/ruby-2.6.6/gems/activeadmin-2.9.0/app/views/layouts/active_admin_logged_out.html.erb
  Rendering /home/kolan4ick/.rvm/gems/ruby-2.6.6/gems/activeadmin-2.9.0/app/views/active_admin/devise/sessions/new.html.erb within layouts/active_admin_logged_out
  Rendered /home/kolan4ick/.rvm/gems/ruby-2.6.6/gems/activeadmin-2.9.0/app/views/active_admin/devise/shared/_links.erb (Duration: 2.3ms | Allocations: 611)
  Rendered /home/kolan4ick/.rvm/gems/ruby-2.6.6/gems/activeadmin-2.9.0/app/views/active_admin/devise/sessions/new.html.erb within layouts/active_admin_logged_out (Duration: 81.3ms | Allocations: 11399)
  Rendered layout /home/kolan4ick/.rvm/gems/ruby-2.6.6/gems/activeadmin-2.9.0/app/views/layouts/active_admin_logged_out.html.erb (Duration: 1036.3ms | Allocations: 246023)
Completed 200 OK in 1068ms (Views: 1041.4ms | ActiveRecord: 2.7ms | Allocations: 252839)


Started POST "/admin/login" for 127.0.0.1 at 2020-12-30 18:31:51 +0200
Processing by ActiveAdmin::Devise::SessionsController#create as HTML
  Parameters: {"authenticity_token"=>"[FILTERED]", "admin_user"=>{"email"=>"admin@example.com", "password"=>"[FILTERED]", "remember_me"=>"0"}, "commit"=>"Login"}
  [1m[36mAdminUser Load (0.4ms)[0m  [1m[34mSELECT "admin_users".* FROM "admin_users" WHERE "admin_users"."email" = ? ORDER BY "admin_users"."id" ASC LIMIT ?[0m  [["email", "admin@example.com"], ["LIMIT", 1]]
Redirected to http://localhost:3000/admin
Completed 302 Found in 331ms (ActiveRecord: 0.4ms | Allocations: 5753)


Started GET "/admin" for 127.0.0.1 at 2020-12-30 18:31:51 +0200
Processing by Admin::DashboardController#index as HTML
  [1m[36mAdminUser Load (0.8ms)[0m  [1m[34mSELECT "admin_users".* FROM "admin_users" WHERE "admin_users"."id" = ? ORDER BY "admin_users"."id" ASC LIMIT ?[0m  [["id", 1], ["LIMIT", 1]]
  Rendering /home/kolan4ick/.rvm/gems/ruby-2.6.6/gems/activeadmin-2.9.0/app/views/active_admin/page/index.html.arb
  Rendered /home/kolan4ick/.rvm/gems/ruby-2.6.6/gems/activeadmin-2.9.0/app/views/active_admin/page/index.html.arb (Duration: 35.7ms | Allocations: 17021)
Completed 200 OK in 53ms (Views: 38.0ms | ActiveRecord: 0.8ms | Allocations: 19808)


Started GET "/admin/admin_users" for 127.0.0.1 at 2020-12-30 18:31:56 +0200
Processing by Admin::AdminUsersController#index as HTML
  [1m[36mAdminUser Load (0.3ms)[0m  [1m[34mSELECT "admin_users".* FROM "admin_users" WHERE "admin_users"."id" = ? ORDER BY "admin_users"."id" ASC LIMIT ?[0m  [["id", 1], ["LIMIT", 1]]
  Rendering /home/kolan4ick/.rvm/gems/ruby-2.6.6/gems/activeadmin-2.9.0/app/views/active_admin/resource/index.html.arb
  [1m[35m (0.3ms)[0m  [1m[34mSELECT COUNT(*) FROM (SELECT 1 AS one FROM "admin_users" LIMIT ? OFFSET ?) subquery_for_count[0m  [["LIMIT", 30], ["OFFSET", 0]]
  [1m[35mCACHE  (0.0ms)[0m  [1m[34mSELECT COUNT(*) FROM (SELECT 1 AS one FROM "admin_users" LIMIT ? OFFSET ?) subquery_for_count[0m  [["LIMIT", 30], ["OFFSET", 0]]
  [1m[35m (0.3ms)[0m  [1m[34mSELECT COUNT(*) FROM "admin_users"[0m
  [1m[35mCACHE  (0.0ms)[0m  [1m[34mSELECT COUNT(*) FROM (SELECT 1 AS one FROM "admin_users" LIMIT ? OFFSET ?) subquery_for_count[0m  [["LIMIT", 30], ["OFFSET", 0]]
  [1m[36mAdminUser Load (17.2ms)[0m  [1m[34mSELECT "admin_users".* FROM "admin_users" ORDER BY "admin_users"."id" desc LIMIT ? OFFSET ?[0m  [["LIMIT", 30], ["OFFSET", 0]]
  Rendered /home/kolan4ick/.rvm/gems/ruby-2.6.6/gems/activeadmin-2.9.0/app/views/active_admin/resource/index.html.arb (Duration: 132.6ms | Allocations: 37996)
Completed 200 OK in 175ms (Views: 120.1ms | ActiveRecord: 18.1ms | Allocations: 44116)


Started GET "/admin/comments" for 127.0.0.1 at 2020-12-30 18:31:58 +0200
Processing by Admin::CommentsController#index as HTML
  [1m[36mAdminUser Load (0.2ms)[0m  [1m[34mSELECT "admin_users".* FROM "admin_users" WHERE "admin_users"."id" = ? ORDER BY "admin_users"."id" ASC LIMIT ?[0m  [["id", 1], ["LIMIT", 1]]
  Rendering /home/kolan4ick/.rvm/gems/ruby-2.6.6/gems/activeadmin-2.9.0/app/views/active_admin/resource/index.html.arb
  [1m[35m (0.7ms)[0m  [1m[34mSELECT COUNT(*) FROM "active_admin_comments" WHERE "active_admin_comments"."namespace" = ?[0m  [["namespace", "admin"]]
  [1m[35m (0.3ms)[0m  [1m[34mSELECT COUNT(*) FROM (SELECT 1 AS one FROM "active_admin_comments" WHERE "active_admin_comments"."namespace" = ? LIMIT ? OFFSET ?) subquery_for_count[0m  [["namespace", "admin"], ["LIMIT", 30], ["OFFSET", 0]]
  [1m[35m (0.3ms)[0m  [1m[34mSELECT DISTINCT "active_admin_comments"."resource_type" FROM "active_admin_comments" ORDER BY resource_type asc[0m
  [1m[35m (0.3ms)[0m  [1m[34mSELECT DISTINCT "active_admin_comments"."author_type" FROM "active_admin_comments" ORDER BY author_type asc[0m
  Rendered /home/kolan4ick/.rvm/gems/ruby-2.6.6/gems/activeadmin-2.9.0/app/views/active_admin/resource/index.html.arb (Duration: 89.4ms | Allocations: 33547)
Completed 200 OK in 108ms (Views: 90.8ms | ActiveRecord: 6.5ms | Allocations: 37014)


Started GET "/" for 127.0.0.1 at 2020-12-30 22:32:25 +0200
  [1m[35m (30.9ms)[0m  [1m[34mSELECT sqlite_version(*)[0m
  [1m[35m (0.4ms)[0m  [1m[34mSELECT "schema_migrations"."version" FROM "schema_migrations" ORDER BY "schema_migrations"."version" ASC[0m
Processing by Rails::WelcomeController#index as HTML
  Rendering /home/kolan4ick/.rvm/gems/ruby-2.6.6/gems/railties-6.1.0/lib/rails/templates/rails/welcome/index.html.erb
  Rendered /home/kolan4ick/.rvm/gems/ruby-2.6.6/gems/railties-6.1.0/lib/rails/templates/rails/welcome/index.html.erb (Duration: 33.1ms | Allocations: 348)
Completed 200 OK in 81ms (Views: 38.7ms | ActiveRecord: 0.0ms | Allocations: 2733)


Started GET "/admins" for 127.0.0.1 at 2020-12-30 22:32:31 +0200
  
ActionController::RoutingError (No route matches [GET] "/admins"):
  
Started GET "/admin" for 127.0.0.1 at 2020-12-30 22:32:36 +0200
Processing by Admin::DashboardController#index as HTML
  [1m[36mAdminUser Load (0.4ms)[0m  [1m[34mSELECT "admin_users".* FROM "admin_users" WHERE "admin_users"."id" = ? ORDER BY "admin_users"."id" ASC LIMIT ?[0m  [["id", 1], ["LIMIT", 1]]
  Rendering /home/kolan4ick/.rvm/gems/ruby-2.6.6/gems/activeadmin-2.9.0/app/views/active_admin/page/index.html.arb
  Rendered /home/kolan4ick/.rvm/gems/ruby-2.6.6/gems/activeadmin-2.9.0/app/views/active_admin/page/index.html.arb (Duration: 213.8ms | Allocations: 37390)
Completed 200 OK in 278ms (Views: 218.1ms | ActiveRecord: 1.5ms | Allocations: 45495)


